
2024/05/19 (00:10:33) | ===> btop++ v.1.3.2
2024/05/19 (00:10:33) | WARNING: NVML: Failed to get maximum GPU power draw, defaulting to 225W: Not Supported
2024/05/19 (00:10:33) | WARNING: NVML: Failed to get maximum GPU temperature, defaulting to 110°C: Not Supported
2024/05/19 (00:10:33) | WARNING: NVML: Failed to get GPU utilization: Not Supported
2024/05/19 (00:10:33) | WARNING: NVML: Failed to get GPU clock speed: Not Supported
2024/05/19 (00:10:33) | WARNING: NVML: Failed to get PCIe TX throughput: Not Supported
2024/05/19 (00:10:33) | WARNING: NVML: Failed to get VRAM clock speed: Not Supported
2024/05/19 (00:10:33) | WARNING: NVML: Failed to get PCIe RX throughput: Not Supported
2024/05/19 (00:10:33) | WARNING: NVML: Failed to get GPU power usage: Not Supported
2024/05/19 (00:10:35) | ERROR: Exception in runner thread -> Cpu:: -> graphs, clock, meter : unordered_map::at

2024/05/19 (00:10:40) | ===> btop++ v.1.3.2
2024/05/19 (00:10:40) | WARNING: NVML: Failed to get maximum GPU power draw, defaulting to 225W: Not Supported
2024/05/19 (00:10:40) | WARNING: NVML: Failed to get maximum GPU temperature, defaulting to 110°C: Not Supported
2024/05/19 (00:10:40) | WARNING: NVML: Failed to get GPU utilization: Not Supported
2024/05/19 (00:10:40) | WARNING: NVML: Failed to get GPU clock speed: Not Supported
2024/05/19 (00:10:40) | WARNING: NVML: Failed to get PCIe TX throughput: Not Supported
2024/05/19 (00:10:40) | WARNING: NVML: Failed to get VRAM clock speed: Not Supported
2024/05/19 (00:10:40) | WARNING: NVML: Failed to get GPU power usage: Not Supported
2024/05/19 (00:10:40) | WARNING: NVML: Failed to get PCIe RX throughput: Not Supported
2024/05/19 (00:10:42) | ERROR: Exception in runner thread -> Cpu:: -> graphs, clock, meter : unordered_map::at

2024/05/19 (00:10:45) | ===> btop++ v.1.3.2
2024/05/19 (00:10:45) | WARNING: NVML: Failed to get maximum GPU power draw, defaulting to 225W: Not Supported
2024/05/19 (00:10:45) | WARNING: NVML: Failed to get maximum GPU temperature, defaulting to 110°C: Not Supported
2024/05/19 (00:10:45) | WARNING: NVML: Failed to get GPU utilization: Not Supported
2024/05/19 (00:10:45) | WARNING: NVML: Failed to get GPU clock speed: Not Supported
2024/05/19 (00:10:45) | WARNING: NVML: Failed to get VRAM clock speed: Not Supported
2024/05/19 (00:10:45) | WARNING: NVML: Failed to get GPU power usage: Not Supported
2024/05/19 (00:10:45) | WARNING: NVML: Failed to get PCIe TX throughput: Not Supported
2024/05/19 (00:10:45) | WARNING: NVML: Failed to get PCIe RX throughput: Not Supported
2024/05/19 (00:10:48) | ERROR: Exception in runner thread -> Cpu:: -> graphs, clock, meter : unordered_map::at

2024/05/19 (00:10:52) | ===> btop++ v.1.3.2
2024/05/19 (00:10:52) | WARNING: NVML: Failed to get maximum GPU power draw, defaulting to 225W: Not Supported
2024/05/19 (00:10:52) | WARNING: NVML: Failed to get maximum GPU temperature, defaulting to 110°C: Not Supported
2024/05/19 (00:10:52) | WARNING: NVML: Failed to get GPU utilization: Not Supported
2024/05/19 (00:10:52) | WARNING: NVML: Failed to get GPU clock speed: Not Supported
2024/05/19 (00:10:52) | WARNING: NVML: Failed to get PCIe TX throughput: Not Supported
2024/05/19 (00:10:52) | WARNING: NVML: Failed to get VRAM clock speed: Not Supported
2024/05/19 (00:10:52) | WARNING: NVML: Failed to get GPU power usage: Not Supported
2024/05/19 (00:10:52) | WARNING: NVML: Failed to get PCIe RX throughput: Not Supported
2024/05/19 (00:12:20) | ERROR: Exception in runner thread -> Cpu:: -> graphs, clock, meter : unordered_map::at

2024/05/19 (00:12:24) | ===> btop++ v.1.3.2
2024/05/19 (00:12:24) | WARNING: NVML: Failed to get maximum GPU power draw, defaulting to 225W: Not Supported
2024/05/19 (00:12:24) | WARNING: NVML: Failed to get maximum GPU temperature, defaulting to 110°C: Not Supported
2024/05/19 (00:12:24) | WARNING: NVML: Failed to get GPU utilization: Not Supported
2024/05/19 (00:12:24) | WARNING: NVML: Failed to get PCIe TX throughput: Not Supported
2024/05/19 (00:12:24) | WARNING: NVML: Failed to get GPU clock speed: Not Supported
2024/05/19 (00:12:24) | WARNING: NVML: Failed to get VRAM clock speed: Not Supported
2024/05/19 (00:12:24) | WARNING: NVML: Failed to get PCIe RX throughput: Not Supported
2024/05/19 (00:12:24) | WARNING: NVML: Failed to get GPU power usage: Not Supported
2024/05/19 (00:17:07) | INFO: Logger set to INFO
2024/05/19 (00:17:37) | ERROR: Exception in runner thread -> Cpu:: -> graphs, clock, meter : vector::_M_range_check: __n (which is 0) >= this->size() (which is 0)

2024/05/19 (00:17:40) | ===> btop++ v.1.3.2
2024/05/19 (00:17:40) | WARNING: NVML: Failed to get maximum GPU power draw, defaulting to 225W: Not Supported
2024/05/19 (00:17:40) | WARNING: NVML: Failed to get maximum GPU temperature, defaulting to 110°C: Not Supported
2024/05/19 (00:17:40) | WARNING: NVML: Failed to get GPU utilization: Not Supported
2024/05/19 (00:17:40) | WARNING: NVML: Failed to get GPU clock speed: Not Supported
2024/05/19 (00:17:40) | WARNING: NVML: Failed to get PCIe TX throughput: Not Supported
2024/05/19 (00:17:40) | WARNING: NVML: Failed to get VRAM clock speed: Not Supported
2024/05/19 (00:17:40) | WARNING: NVML: Failed to get GPU power usage: Not Supported
2024/05/19 (00:17:40) | WARNING: NVML: Failed to get PCIe RX throughput: Not Supported

2024/05/19 (14:25:48) | ===> btop++ v.1.3.2
2024/05/19 (14:25:48) | WARNING: NVML: Failed to get maximum GPU power draw, defaulting to 225W: Not Supported
2024/05/19 (14:25:48) | WARNING: NVML: Failed to get maximum GPU temperature, defaulting to 110°C: Not Supported
2024/05/19 (14:25:48) | WARNING: NVML: Failed to get GPU utilization: Not Supported
2024/05/19 (14:25:48) | WARNING: NVML: Failed to get GPU clock speed: Not Supported
2024/05/19 (14:25:48) | WARNING: NVML: Failed to get VRAM clock speed: Not Supported
2024/05/19 (14:25:48) | WARNING: NVML: Failed to get GPU power usage: Not Supported
2024/05/19 (14:25:48) | WARNING: NVML: Failed to get PCIe TX throughput: Not Supported
2024/05/19 (14:25:48) | WARNING: NVML: Failed to get PCIe RX throughput: Not Supported

2024/06/02 (19:43:41) | ===> btop++ v.1.3.2
2024/06/02 (19:43:41) | WARNING: NVML: Failed to get maximum GPU power draw, defaulting to 225W: Not Supported
2024/06/02 (19:43:41) | WARNING: NVML: Failed to get maximum GPU temperature, defaulting to 110°C: Not Supported
2024/06/02 (19:43:41) | WARNING: NVML: Failed to get PCIe TX throughput: Not Supported
2024/06/02 (19:43:41) | WARNING: NVML: Failed to get GPU utilization: Not Supported
2024/06/02 (19:43:41) | WARNING: NVML: Failed to get GPU clock speed: Not Supported
2024/06/02 (19:43:41) | WARNING: NVML: Failed to get VRAM clock speed: Not Supported
2024/06/02 (19:43:41) | WARNING: NVML: Failed to get GPU power usage: Not Supported
2024/06/02 (19:43:41) | WARNING: NVML: Failed to get PCIe RX throughput: Not Supported
2024/06/02 (19:43:45) | ERROR: Exception in runner thread -> Cpu:: -> graphs, clock, meter : vector::_M_range_check: __n (which is 0) >= this->size() (which is 0)

2024/06/02 (19:43:49) | ===> btop++ v.1.3.2
2024/06/02 (19:43:49) | WARNING: NVML: Failed to get maximum GPU power draw, defaulting to 225W: Not Supported
2024/06/02 (19:43:49) | WARNING: NVML: Failed to get maximum GPU temperature, defaulting to 110°C: Not Supported
2024/06/02 (19:43:49) | WARNING: NVML: Failed to get GPU utilization: Not Supported
2024/06/02 (19:43:49) | WARNING: NVML: Failed to get GPU clock speed: Not Supported
2024/06/02 (19:43:49) | WARNING: NVML: Failed to get VRAM clock speed: Not Supported
2024/06/02 (19:43:49) | WARNING: NVML: Failed to get GPU power usage: Not Supported
2024/06/02 (19:43:49) | WARNING: NVML: Failed to get PCIe TX throughput: Not Supported
2024/06/02 (19:43:49) | WARNING: NVML: Failed to get PCIe RX throughput: Not Supported
2024/06/02 (19:44:07) | ERROR: Exception in runner thread -> Cpu:: -> graphs, clock, meter : unordered_map::at

2024/06/02 (19:44:17) | ===> btop++ v.1.3.2
2024/06/02 (19:44:17) | WARNING: NVML: Failed to get maximum GPU power draw, defaulting to 225W: Not Supported
2024/06/02 (19:44:17) | WARNING: NVML: Failed to get maximum GPU temperature, defaulting to 110°C: Not Supported
2024/06/02 (19:44:17) | WARNING: NVML: Failed to get GPU utilization: Not Supported
2024/06/02 (19:44:17) | WARNING: NVML: Failed to get GPU clock speed: Not Supported
2024/06/02 (19:44:17) | WARNING: NVML: Failed to get VRAM clock speed: Not Supported
2024/06/02 (19:44:17) | WARNING: NVML: Failed to get GPU power usage: Not Supported
2024/06/02 (19:44:17) | WARNING: NVML: Failed to get PCIe TX throughput: Not Supported
2024/06/02 (19:44:17) | WARNING: NVML: Failed to get PCIe RX throughput: Not Supported
2024/06/02 (19:45:21) | ERROR: Exception in runner thread -> Cpu:: -> graphs, clock, meter : unordered_map::at

2024/06/02 (19:45:22) | ===> btop++ v.1.3.2
2024/06/02 (19:45:22) | WARNING: NVML: Failed to get maximum GPU power draw, defaulting to 225W: Not Supported
2024/06/02 (19:45:22) | WARNING: NVML: Failed to get maximum GPU temperature, defaulting to 110°C: Not Supported
2024/06/02 (19:45:22) | WARNING: NVML: Failed to get GPU utilization: Not Supported
2024/06/02 (19:45:22) | WARNING: NVML: Failed to get GPU clock speed: Not Supported
2024/06/02 (19:45:22) | WARNING: NVML: Failed to get PCIe TX throughput: Not Supported
2024/06/02 (19:45:22) | WARNING: NVML: Failed to get VRAM clock speed: Not Supported
2024/06/02 (19:45:22) | WARNING: NVML: Failed to get GPU power usage: Not Supported
2024/06/02 (19:45:22) | WARNING: NVML: Failed to get PCIe RX throughput: Not Supported
2024/06/02 (19:45:25) | ERROR: Exception in runner thread -> Cpu:: -> graphs, clock, meter : unordered_map::at

2024/06/02 (19:45:26) | ===> btop++ v.1.3.2
2024/06/02 (19:45:26) | WARNING: NVML: Failed to get maximum GPU power draw, defaulting to 225W: Not Supported
2024/06/02 (19:45:26) | WARNING: NVML: Failed to get maximum GPU temperature, defaulting to 110°C: Not Supported
2024/06/02 (19:45:26) | WARNING: NVML: Failed to get GPU utilization: Not Supported
2024/06/02 (19:45:26) | WARNING: NVML: Failed to get GPU clock speed: Not Supported
2024/06/02 (19:45:26) | WARNING: NVML: Failed to get VRAM clock speed: Not Supported
2024/06/02 (19:45:26) | WARNING: NVML: Failed to get GPU power usage: Not Supported
2024/06/02 (19:45:26) | WARNING: NVML: Failed to get PCIe TX throughput: Not Supported
2024/06/02 (19:45:26) | WARNING: NVML: Failed to get PCIe RX throughput: Not Supported
2024/06/02 (19:46:22) | ERROR: Exception in runner thread -> Cpu:: -> graphs, clock, meter : unordered_map::at

2024/06/02 (19:46:25) | ===> btop++ v.1.3.2
2024/06/02 (19:46:25) | WARNING: NVML: Failed to get maximum GPU power draw, defaulting to 225W: Not Supported
2024/06/02 (19:46:25) | WARNING: NVML: Failed to get maximum GPU temperature, defaulting to 110°C: Not Supported
2024/06/02 (19:46:25) | WARNING: NVML: Failed to get GPU utilization: Not Supported
2024/06/02 (19:46:25) | WARNING: NVML: Failed to get GPU clock speed: Not Supported
2024/06/02 (19:46:25) | WARNING: NVML: Failed to get VRAM clock speed: Not Supported
2024/06/02 (19:46:25) | WARNING: NVML: Failed to get GPU power usage: Not Supported
2024/06/02 (19:46:25) | WARNING: NVML: Failed to get PCIe TX throughput: Not Supported
2024/06/02 (19:46:25) | WARNING: NVML: Failed to get PCIe RX throughput: Not Supported
2024/06/02 (19:47:01) | ERROR: Exception in runner thread -> Cpu:: -> graphs, clock, meter : unordered_map::at

2024/06/02 (19:47:03) | ===> btop++ v.1.3.2
2024/06/02 (19:47:03) | WARNING: NVML: Failed to get maximum GPU power draw, defaulting to 225W: Not Supported
2024/06/02 (19:47:03) | WARNING: NVML: Failed to get maximum GPU temperature, defaulting to 110°C: Not Supported
2024/06/02 (19:47:03) | WARNING: NVML: Failed to get GPU utilization: Not Supported
2024/06/02 (19:47:03) | WARNING: NVML: Failed to get GPU clock speed: Not Supported
2024/06/02 (19:47:03) | WARNING: NVML: Failed to get VRAM clock speed: Not Supported
2024/06/02 (19:47:03) | WARNING: NVML: Failed to get GPU power usage: Not Supported
2024/06/02 (19:47:03) | WARNING: NVML: Failed to get PCIe TX throughput: Not Supported
2024/06/02 (19:47:03) | WARNING: NVML: Failed to get PCIe RX throughput: Not Supported
2024/06/02 (19:47:05) | ERROR: Exception in runner thread -> Cpu:: -> graphs, clock, meter : unordered_map::at

2024/06/02 (19:47:07) | ===> btop++ v.1.3.2
2024/06/02 (19:47:07) | WARNING: NVML: Failed to get maximum GPU power draw, defaulting to 225W: Not Supported
2024/06/02 (19:47:07) | WARNING: NVML: Failed to get maximum GPU temperature, defaulting to 110°C: Not Supported
2024/06/02 (19:47:07) | WARNING: NVML: Failed to get PCIe TX throughput: Not Supported
2024/06/02 (19:47:07) | WARNING: NVML: Failed to get GPU utilization: Not Supported
2024/06/02 (19:47:07) | WARNING: NVML: Failed to get GPU clock speed: Not Supported
2024/06/02 (19:47:07) | WARNING: NVML: Failed to get PCIe RX throughput: Not Supported
2024/06/02 (19:47:07) | WARNING: NVML: Failed to get VRAM clock speed: Not Supported
2024/06/02 (19:47:07) | WARNING: NVML: Failed to get GPU power usage: Not Supported
2024/06/02 (19:47:09) | ERROR: Exception in runner thread -> Cpu:: -> graphs, clock, meter : unordered_map::at

2024/06/02 (19:47:11) | ===> btop++ v.1.3.2
2024/06/02 (19:47:11) | WARNING: NVML: Failed to get maximum GPU power draw, defaulting to 225W: Not Supported
2024/06/02 (19:47:11) | WARNING: NVML: Failed to get maximum GPU temperature, defaulting to 110°C: Not Supported
2024/06/02 (19:47:11) | WARNING: NVML: Failed to get GPU utilization: Not Supported
2024/06/02 (19:47:11) | WARNING: NVML: Failed to get GPU clock speed: Not Supported
2024/06/02 (19:47:11) | WARNING: NVML: Failed to get VRAM clock speed: Not Supported
2024/06/02 (19:47:11) | WARNING: NVML: Failed to get GPU power usage: Not Supported
2024/06/02 (19:47:11) | WARNING: NVML: Failed to get PCIe RX throughput: Not Supported
2024/06/02 (19:47:11) | WARNING: NVML: Failed to get PCIe TX throughput: Not Supported
2024/06/02 (19:47:13) | ERROR: Exception in runner thread -> Cpu:: -> graphs, clock, meter : unordered_map::at

2024/06/02 (19:48:48) | ===> btop++ v.1.3.2
2024/06/02 (19:48:48) | WARNING: NVML: Failed to get maximum GPU power draw, defaulting to 225W: Not Supported
2024/06/02 (19:48:48) | WARNING: NVML: Failed to get maximum GPU temperature, defaulting to 110°C: Not Supported
2024/06/02 (19:48:48) | WARNING: NVML: Failed to get GPU utilization: Not Supported
2024/06/02 (19:48:48) | WARNING: NVML: Failed to get GPU clock speed: Not Supported
2024/06/02 (19:48:48) | WARNING: NVML: Failed to get VRAM clock speed: Not Supported
2024/06/02 (19:48:48) | WARNING: NVML: Failed to get PCIe TX throughput: Not Supported
2024/06/02 (19:48:48) | WARNING: NVML: Failed to get PCIe RX throughput: Not Supported
2024/06/02 (19:48:48) | WARNING: NVML: Failed to get GPU power usage: Not Supported

2024/06/02 (19:51:36) | ===> btop++ v.1.3.2
2024/06/02 (19:51:36) | WARNING: NVML: Failed to get maximum GPU power draw, defaulting to 225W: Not Supported
2024/06/02 (19:51:36) | WARNING: NVML: Failed to get maximum GPU temperature, defaulting to 110°C: Not Supported
2024/06/02 (19:51:36) | WARNING: NVML: Failed to get GPU utilization: Not Supported
2024/06/02 (19:51:36) | WARNING: NVML: Failed to get GPU clock speed: Not Supported
2024/06/02 (19:51:36) | WARNING: NVML: Failed to get VRAM clock speed: Not Supported
2024/06/02 (19:51:36) | WARNING: NVML: Failed to get GPU power usage: Not Supported
2024/06/02 (19:51:36) | WARNING: NVML: Failed to get PCIe TX throughput: Not Supported
2024/06/02 (19:51:36) | WARNING: NVML: Failed to get PCIe RX throughput: Not Supported

2024/06/05 (13:10:53) | ===> btop++ v.1.3.2
2024/06/05 (13:10:53) | WARNING: NVML: Failed to get maximum GPU power draw, defaulting to 225W: Not Supported
2024/06/05 (13:10:53) | WARNING: NVML: Failed to get maximum GPU temperature, defaulting to 110°C: Not Supported
2024/06/05 (13:10:53) | WARNING: NVML: Failed to get PCIe TX throughput: Not Supported
2024/06/05 (13:10:53) | WARNING: NVML: Failed to get PCIe RX throughput: Not Supported
2024/06/05 (13:10:53) | WARNING: NVML: Failed to get GPU utilization: Not Supported
2024/06/05 (13:10:53) | WARNING: NVML: Failed to get GPU clock speed: Not Supported
2024/06/05 (13:10:53) | WARNING: NVML: Failed to get VRAM clock speed: Not Supported
2024/06/05 (13:10:53) | WARNING: NVML: Failed to get GPU power usage: Not Supported
2024/06/05 (13:10:56) | ERROR: Exception in runner thread -> Cpu:: -> graphs, clock, meter : vector::_M_range_check: __n (which is 0) >= this->size() (which is 0)

2024/06/05 (13:10:58) | ===> btop++ v.1.3.2
2024/06/05 (13:10:58) | WARNING: NVML: Failed to get maximum GPU power draw, defaulting to 225W: Not Supported
2024/06/05 (13:10:58) | WARNING: NVML: Failed to get maximum GPU temperature, defaulting to 110°C: Not Supported
2024/06/05 (13:10:58) | WARNING: NVML: Failed to get GPU utilization: Not Supported
2024/06/05 (13:10:58) | WARNING: NVML: Failed to get GPU clock speed: Not Supported
2024/06/05 (13:10:58) | WARNING: NVML: Failed to get PCIe TX throughput: Not Supported
2024/06/05 (13:10:58) | WARNING: NVML: Failed to get PCIe RX throughput: Not Supported
2024/06/05 (13:10:58) | WARNING: NVML: Failed to get VRAM clock speed: Not Supported
2024/06/05 (13:10:58) | WARNING: NVML: Failed to get GPU power usage: Not Supported
2024/06/05 (13:11:58) | ERROR: Exception in runner thread -> Cpu:: -> graphs, clock, meter : vector::_M_range_check: __n (which is 0) >= this->size() (which is 0)

2024/06/05 (13:12:03) | ===> btop++ v.1.3.2
2024/06/05 (13:12:03) | WARNING: NVML: Failed to get maximum GPU power draw, defaulting to 225W: Not Supported
2024/06/05 (13:12:03) | WARNING: NVML: Failed to get maximum GPU temperature, defaulting to 110°C: Not Supported
2024/06/05 (13:12:03) | WARNING: NVML: Failed to get GPU utilization: Not Supported
2024/06/05 (13:12:03) | WARNING: NVML: Failed to get PCIe TX throughput: Not Supported
2024/06/05 (13:12:03) | WARNING: NVML: Failed to get GPU clock speed: Not Supported
2024/06/05 (13:12:03) | WARNING: NVML: Failed to get VRAM clock speed: Not Supported
2024/06/05 (13:12:03) | WARNING: NVML: Failed to get GPU power usage: Not Supported
2024/06/05 (13:12:03) | WARNING: NVML: Failed to get PCIe RX throughput: Not Supported
2024/06/05 (14:31:47) | INFO: Logger set to INFO
2024/06/05 (14:31:47) | INFO: Logger set to DEBUG
2024/06/05 (14:31:57) | DEBUG: Writing new config file
2024/06/05 (14:31:57) | ERROR: Exception in runner thread -> Cpu:: -> graphs, clock, meter : vector::_M_range_check: __n (which is 0) >= this->size() (which is 0)
2024/06/05 (14:31:57) | INFO: Quitting! Runtime: 01:19:54

2024/06/05 (14:32:00) | ===> btop++ v.1.3.2
2024/06/05 (14:32:00) | INFO: Logger set to DEBUG
2024/06/05 (14:32:00) | DEBUG: Setting LC_ALL=en_US.utf8
2024/06/05 (14:32:00) | INFO: Running on /dev/pts/0
2024/06/05 (14:32:00) | WARNING: NVML: Failed to get maximum GPU power draw, defaulting to 225W: Not Supported
2024/06/05 (14:32:00) | WARNING: NVML: Failed to get maximum GPU temperature, defaulting to 110°C: Not Supported
2024/06/05 (14:32:00) | WARNING: NVML: Failed to get GPU utilization: Not Supported
2024/06/05 (14:32:00) | WARNING: NVML: Failed to get PCIe TX throughput: Not Supported
2024/06/05 (14:32:00) | WARNING: NVML: Failed to get GPU clock speed: Not Supported
2024/06/05 (14:32:00) | WARNING: NVML: Failed to get VRAM clock speed: Not Supported
2024/06/05 (14:32:00) | WARNING: NVML: Failed to get PCIe RX throughput: Not Supported
2024/06/05 (14:32:00) | WARNING: NVML: Failed to get GPU power usage: Not Supported
2024/06/05 (14:32:00) | INFO: Failed to load librocm_smi64.so, AMD GPUs will not be detected: librocm_smi64.so.6: cannot open shared object file: No such file or directory
2024/06/05 (14:32:00) | DEBUG: Shared::init() : Initialized.
2024/06/05 (14:32:00) | DEBUG: Loading theme file: /usr/share/btop/themes/tomorrow-night.theme
2024/06/05 (14:32:04) | DEBUG: Writing new config file
2024/06/05 (14:32:04) | ERROR: Exception in runner thread -> Cpu:: -> graphs, clock, meter : vector::_M_range_check: __n (which is 0) >= this->size() (which is 0)
2024/06/05 (14:32:04) | INFO: Quitting! Runtime: 00:00:04

2024/06/05 (14:32:07) | ===> btop++ v.1.3.2
2024/06/05 (14:32:07) | INFO: Logger set to DEBUG
2024/06/05 (14:32:07) | DEBUG: Setting LC_ALL=en_US.utf8
2024/06/05 (14:32:07) | INFO: Running on /dev/pts/0
2024/06/05 (14:32:07) | WARNING: NVML: Failed to get maximum GPU power draw, defaulting to 225W: Not Supported
2024/06/05 (14:32:07) | WARNING: NVML: Failed to get maximum GPU temperature, defaulting to 110°C: Not Supported
2024/06/05 (14:32:07) | WARNING: NVML: Failed to get GPU utilization: Not Supported
2024/06/05 (14:32:07) | WARNING: NVML: Failed to get GPU clock speed: Not Supported
2024/06/05 (14:32:07) | WARNING: NVML: Failed to get PCIe TX throughput: Not Supported
2024/06/05 (14:32:07) | WARNING: NVML: Failed to get VRAM clock speed: Not Supported
2024/06/05 (14:32:07) | WARNING: NVML: Failed to get GPU power usage: Not Supported
2024/06/05 (14:32:07) | WARNING: NVML: Failed to get PCIe RX throughput: Not Supported
2024/06/05 (14:32:07) | INFO: Failed to load librocm_smi64.so, AMD GPUs will not be detected: librocm_smi64.so.6: cannot open shared object file: No such file or directory
2024/06/05 (14:32:07) | DEBUG: Shared::init() : Initialized.
2024/06/05 (14:32:07) | DEBUG: Loading theme file: /usr/share/btop/themes/tomorrow-night.theme
2024/06/05 (14:35:58) | DEBUG: Writing new config file
2024/06/05 (14:35:58) | INFO: Quitting! Runtime: 00:03:51

2024/06/05 (14:37:24) | ===> btop++ v.1.3.2
2024/06/05 (14:37:24) | INFO: Logger set to DEBUG
2024/06/05 (14:37:24) | DEBUG: Setting LC_ALL=en_US.utf8
2024/06/05 (14:37:24) | INFO: Running on /dev/pts/1
2024/06/05 (14:37:24) | WARNING: NVML: Failed to get maximum GPU power draw, defaulting to 225W: Not Supported
2024/06/05 (14:37:24) | WARNING: NVML: Failed to get maximum GPU temperature, defaulting to 110°C: Not Supported
2024/06/05 (14:37:24) | WARNING: NVML: Failed to get GPU utilization: Not Supported
2024/06/05 (14:37:24) | WARNING: NVML: Failed to get PCIe TX throughput: Not Supported
2024/06/05 (14:37:24) | WARNING: NVML: Failed to get GPU clock speed: Not Supported
2024/06/05 (14:37:24) | WARNING: NVML: Failed to get VRAM clock speed: Not Supported
2024/06/05 (14:37:24) | WARNING: NVML: Failed to get PCIe RX throughput: Not Supported
2024/06/05 (14:37:24) | WARNING: NVML: Failed to get GPU power usage: Not Supported
2024/06/05 (14:37:24) | INFO: Failed to load librocm_smi64.so, AMD GPUs will not be detected: librocm_smi64.so.6: cannot open shared object file: No such file or directory
2024/06/05 (14:37:24) | DEBUG: Shared::init() : Initialized.
2024/06/05 (14:37:24) | DEBUG: Loading theme file: /usr/share/btop/themes/tomorrow-night.theme
2024/06/05 (14:37:40) | INFO: Quitting! Runtime: 00:00:16

2024/06/16 (14:58:54) | ===> btop++ v.1.3.2
2024/06/16 (14:58:54) | INFO: Logger set to DEBUG
2024/06/16 (14:58:54) | DEBUG: Setting LC_ALL=en_US.UTF-8
2024/06/16 (14:58:54) | INFO: Running on /dev/pts/2
2024/06/16 (14:58:54) | WARNING: NVML: Failed to get GPU power usage: Not Supported
2024/06/16 (14:58:54) | INFO: Failed to load librocm_smi64.so, AMD GPUs will not be detected: librocm_smi64.so.6: cannot open shared object file: No such file or directory
2024/06/16 (14:58:54) | DEBUG: Shared::init() : Initialized.
2024/06/16 (14:58:54) | DEBUG: Loading theme file: /usr/share/btop/themes/tomorrow-night.theme

2024/06/16 (17:00:30) | ===> btop++ v.1.3.2
2024/06/16 (17:00:30) | INFO: Logger set to DEBUG
2024/06/16 (17:00:30) | DEBUG: Setting LC_ALL=en_US.UTF-8
2024/06/16 (17:00:30) | INFO: Running on /dev/pts/2
2024/06/16 (17:00:30) | WARNING: NVML: Failed to get GPU power usage: Not Supported
2024/06/16 (17:00:30) | INFO: Failed to load librocm_smi64.so, AMD GPUs will not be detected: librocm_smi64.so.6: cannot open shared object file: No such file or directory
2024/06/16 (17:00:30) | DEBUG: Shared::init() : Initialized.
2024/06/16 (17:00:30) | DEBUG: Loading theme file: /usr/share/btop/themes/tomorrow-night.theme
2024/06/16 (17:00:42) | INFO: Quitting! Runtime: 00:00:12

2024/06/16 (17:00:49) | ===> btop++ v.1.3.2
2024/06/16 (17:00:49) | INFO: Logger set to DEBUG
2024/06/16 (17:00:49) | DEBUG: Setting LC_ALL=en_US.UTF-8
2024/06/16 (17:00:49) | INFO: Running on /dev/pts/6
2024/06/16 (17:00:49) | WARNING: NVML: Failed to get GPU power usage: Not Supported
2024/06/16 (17:00:49) | INFO: Failed to load librocm_smi64.so, AMD GPUs will not be detected: librocm_smi64.so.6: cannot open shared object file: No such file or directory
2024/06/16 (17:00:49) | DEBUG: Shared::init() : Initialized.
2024/06/16 (17:00:49) | DEBUG: Loading theme file: /usr/share/btop/themes/tomorrow-night.theme

2024/06/16 (17:00:57) | ===> btop++ v.1.3.2
2024/06/16 (17:00:57) | INFO: Logger set to DEBUG
2024/06/16 (17:00:57) | DEBUG: Setting LC_ALL=en_US.UTF-8
2024/06/16 (17:00:57) | INFO: Running on /dev/pts/2
2024/06/16 (17:00:57) | WARNING: NVML: Failed to get GPU power usage: Not Supported
2024/06/16 (17:00:57) | INFO: Failed to load librocm_smi64.so, AMD GPUs will not be detected: librocm_smi64.so.6: cannot open shared object file: No such file or directory
2024/06/16 (17:00:57) | DEBUG: Shared::init() : Initialized.
2024/06/16 (17:00:57) | DEBUG: Loading theme file: /usr/share/btop/themes/tomorrow-night.theme
2024/06/16 (17:01:09) | INFO: Quitting! Runtime: 00:00:12

2024/06/16 (17:01:38) | ===> btop++ v.1.3.2
2024/06/16 (17:01:38) | INFO: Logger set to DEBUG
2024/06/16 (17:01:38) | DEBUG: Setting LC_ALL=en_US.UTF-8
2024/06/16 (17:01:38) | INFO: Running on /dev/pts/2
2024/06/16 (17:01:38) | WARNING: NVML: Failed to get GPU power usage: Not Supported
2024/06/16 (17:01:38) | INFO: Failed to load librocm_smi64.so, AMD GPUs will not be detected: librocm_smi64.so.6: cannot open shared object file: No such file or directory
2024/06/16 (17:01:38) | DEBUG: Shared::init() : Initialized.
2024/06/16 (17:01:38) | DEBUG: Loading theme file: /usr/share/btop/themes/tomorrow-night.theme
2024/06/16 (17:07:40) | DEBUG: Writing new config file
2024/06/16 (17:07:40) | INFO: Quitting! Runtime: 00:06:02

2024/06/16 (17:55:31) | ===> btop++ v.1.3.2
2024/06/16 (17:55:31) | INFO: Logger set to DEBUG
2024/06/16 (17:55:31) | DEBUG: Setting LC_ALL=en_US.UTF-8
2024/06/16 (17:55:31) | INFO: Running on /dev/pts/0
2024/06/16 (17:55:31) | WARNING: NVML: Failed to get GPU power usage: Not Supported
2024/06/16 (17:55:31) | INFO: Failed to load librocm_smi64.so, AMD GPUs will not be detected: librocm_smi64.so.6: cannot open shared object file: No such file or directory
2024/06/16 (17:55:31) | DEBUG: Shared::init() : Initialized.
2024/06/16 (17:55:31) | DEBUG: Loading theme file: /usr/share/btop/themes/tomorrow-night.theme
2024/06/16 (17:56:13) | INFO: Quitting! Runtime: 00:00:42

2024/06/16 (17:58:12) | ===> btop++ v.1.3.2
2024/06/16 (17:58:12) | INFO: Logger set to DEBUG
2024/06/16 (17:58:12) | DEBUG: Setting LC_ALL=en_US.UTF-8
2024/06/16 (17:58:12) | INFO: Running on /dev/pts/0
2024/06/16 (17:58:12) | WARNING: NVML: Failed to get GPU power usage: Not Supported
2024/06/16 (17:58:13) | INFO: Failed to load librocm_smi64.so, AMD GPUs will not be detected: librocm_smi64.so.6: cannot open shared object file: No such file or directory
2024/06/16 (17:58:13) | DEBUG: Shared::init() : Initialized.
2024/06/16 (17:58:13) | DEBUG: Loading theme file: /usr/share/btop/themes/tomorrow-night.theme
2024/06/16 (18:00:37) | INFO: Quitting! Runtime: 00:02:25

2024/06/16 (23:38:01) | ===> btop++ v.1.3.2
2024/06/16 (23:38:01) | INFO: Logger set to DEBUG
2024/06/16 (23:38:01) | DEBUG: Setting LC_ALL=en_US.UTF-8
2024/06/16 (23:38:01) | INFO: Running on /dev/pts/0
2024/06/16 (23:38:01) | WARNING: NVML: Failed to get GPU power usage: Not Supported
2024/06/16 (23:38:01) | INFO: Failed to load librocm_smi64.so, AMD GPUs will not be detected: librocm_smi64.so.6: cannot open shared object file: No such file or directory
2024/06/16 (23:38:01) | DEBUG: Shared::init() : Initialized.
2024/06/16 (23:38:01) | DEBUG: Loading theme file: /usr/share/btop/themes/tomorrow-night.theme

2024/06/17 (12:10:20) | ===> btop++ v.1.3.2
2024/06/17 (12:10:20) | INFO: Logger set to DEBUG
2024/06/17 (12:10:20) | DEBUG: Setting LC_ALL=en_US.UTF-8
2024/06/17 (12:10:20) | INFO: Running on /dev/pts/1
2024/06/17 (12:10:20) | WARNING: NVML: Failed to get GPU power usage: Not Supported
2024/06/17 (12:10:20) | INFO: Failed to load librocm_smi64.so, AMD GPUs will not be detected: librocm_smi64.so.6: cannot open shared object file: No such file or directory
2024/06/17 (12:10:20) | DEBUG: Shared::init() : Initialized.
2024/06/17 (12:10:20) | DEBUG: Loading theme file: /usr/share/btop/themes/tomorrow-night.theme
2024/06/17 (12:10:26) | DEBUG: Writing new config file
2024/06/17 (12:10:26) | INFO: Quitting! Runtime: 00:00:06

2024/06/18 (17:03:18) | ===> btop++ v.1.3.2
2024/06/18 (17:03:18) | INFO: Logger set to DEBUG
2024/06/18 (17:03:18) | DEBUG: Setting LC_ALL=en_US.UTF-8
2024/06/18 (17:03:18) | INFO: Running on /dev/pts/1
2024/06/18 (17:03:18) | WARNING: NVML: Failed to get GPU power usage: Not Supported
2024/06/18 (17:03:18) | INFO: Failed to load librocm_smi64.so, AMD GPUs will not be detected: librocm_smi64.so.6: cannot open shared object file: No such file or directory
2024/06/18 (17:03:18) | DEBUG: Shared::init() : Initialized.
2024/06/18 (17:03:18) | DEBUG: Loading theme file: /usr/share/btop/themes/tomorrow-night.theme
2024/06/18 (17:03:23) | DEBUG: Loading theme file: /usr/share/btop/themes/flat-remix-light.theme
2024/06/18 (17:03:25) | DEBUG: Loading theme file: /usr/share/btop/themes/elementarish.theme
2024/06/18 (17:03:27) | DEBUG: Loading theme file: /usr/share/btop/themes/elementarish.theme
2024/06/18 (17:03:28) | DEBUG: Loading theme file: /usr/share/btop/themes/onedark.theme
2024/06/18 (17:03:35) | DEBUG: Loading theme file: /usr/share/btop/themes/horizon.theme
2024/06/18 (17:03:37) | DEBUG: Loading theme file: /usr/share/btop/themes/night-owl.theme
2024/06/18 (17:03:38) | DEBUG: Loading theme file: /usr/share/btop/themes/paper.theme
2024/06/18 (17:03:38) | DEBUG: Loading theme file: /usr/share/btop/themes/flat-remix.theme
2024/06/18 (17:03:39) | DEBUG: Loading theme file: /usr/share/btop/themes/ayu.theme
2024/06/18 (17:03:39) | DEBUG: Loading theme file: /usr/share/btop/themes/dusklight.theme
2024/06/18 (17:03:40) | DEBUG: Loading theme file: /usr/share/btop/themes/gruvbox_dark_v2.theme
2024/06/18 (17:03:40) | DEBUG: Loading theme file: /usr/share/btop/themes/matcha-dark-sea.theme
2024/06/18 (17:03:41) | DEBUG: Loading theme file: /usr/share/btop/themes/kyli0x.theme
2024/06/18 (17:03:43) | DEBUG: Loading theme file: /usr/share/btop/themes/adapta.theme
2024/06/18 (17:03:44) | DEBUG: Loading theme file: /usr/share/btop/themes/everforest-dark-medium.theme
2024/06/18 (17:03:45) | DEBUG: Loading theme file: /usr/share/btop/themes/HotPurpleTrafficLight.theme
2024/06/18 (17:03:46) | DEBUG: Loading theme file: /usr/share/btop/themes/dracula.theme
2024/06/18 (17:03:54) | DEBUG: Loading theme file: /usr/share/btop/themes/greyscale.theme
2024/06/18 (17:03:54) | DEBUG: Loading theme file: /usr/share/btop/themes/everforest-dark-hard.theme
2024/06/18 (17:03:55) | DEBUG: Loading theme file: /usr/share/btop/themes/solarized_dark.theme
2024/06/18 (17:03:56) | DEBUG: Loading theme file: /usr/share/btop/themes/gruvbox_dark.theme
2024/06/18 (17:03:56) | DEBUG: Loading theme file: /usr/share/btop/themes/tokyo-storm.theme
2024/06/18 (17:04:04) | DEBUG: Loading theme file: /usr/share/btop/themes/tokyo-storm.theme

2024/06/26 (23:13:25) | ===> btop++ v.1.3.2
2024/06/26 (23:13:25) | INFO: Logger set to DEBUG
2024/06/26 (23:13:25) | DEBUG: Setting LC_ALL=en_US.UTF-8
2024/06/26 (23:13:25) | INFO: Running on /dev/pts/3
2024/06/26 (23:13:25) | WARNING: NVML: Failed to get GPU power usage: Not Supported
2024/06/26 (23:13:25) | INFO: Failed to load librocm_smi64.so, AMD GPUs will not be detected: librocm_smi64.so.6: cannot open shared object file: No such file or directory
2024/06/26 (23:13:25) | DEBUG: Shared::init() : Initialized.
2024/06/26 (23:13:25) | DEBUG: Loading theme file: /usr/share/btop/themes/tomorrow-night.theme

2024/06/26 (23:13:29) | ===> btop++ v.1.3.2
2024/06/26 (23:13:29) | INFO: Logger set to DEBUG
2024/06/26 (23:13:29) | DEBUG: Setting LC_ALL=en_US.UTF-8
2024/06/26 (23:13:29) | INFO: Running on /dev/pts/1
2024/06/26 (23:13:29) | WARNING: NVML: Failed to get GPU power usage: Not Supported
2024/06/26 (23:13:29) | INFO: Failed to load librocm_smi64.so, AMD GPUs will not be detected: librocm_smi64.so.6: cannot open shared object file: No such file or directory
2024/06/26 (23:13:29) | DEBUG: Shared::init() : Initialized.
2024/06/26 (23:13:29) | DEBUG: Loading theme file: /usr/share/btop/themes/tomorrow-night.theme
2024/06/26 (23:13:41) | INFO: Quitting! Runtime: 00:00:12

2024/06/26 (23:14:29) | ===> btop++ v.1.3.2
2024/06/26 (23:14:29) | INFO: Logger set to DEBUG
2024/06/26 (23:14:29) | DEBUG: Setting LC_ALL=en_US.UTF-8
2024/06/26 (23:14:29) | INFO: Running on /dev/pts/2
2024/06/26 (23:14:29) | WARNING: NVML: Failed to get GPU power usage: Not Supported
2024/06/26 (23:14:29) | INFO: Failed to load librocm_smi64.so, AMD GPUs will not be detected: librocm_smi64.so.6: cannot open shared object file: No such file or directory
2024/06/26 (23:14:29) | DEBUG: Shared::init() : Initialized.
2024/06/26 (23:14:29) | DEBUG: Loading theme file: /usr/share/btop/themes/tomorrow-night.theme
2024/06/26 (23:16:52) | ERROR: Stall in Runner thread, restarting!

2024/06/27 (19:50:19) | ===> btop++ v.1.3.2
2024/06/27 (19:50:19) | INFO: Logger set to DEBUG
2024/06/27 (19:50:19) | DEBUG: Setting LC_ALL=en_US.UTF-8
2024/06/27 (19:50:19) | INFO: Running on /dev/pts/0
2024/06/27 (19:50:19) | WARNING: NVML: Failed to get GPU power usage: Not Supported
2024/06/27 (19:50:19) | INFO: Failed to load librocm_smi64.so, AMD GPUs will not be detected: librocm_smi64.so.6: cannot open shared object file: No such file or directory
2024/06/27 (19:50:19) | DEBUG: Shared::init() : Initialized.
2024/06/27 (19:50:19) | DEBUG: Loading theme file: /usr/share/btop/themes/tomorrow-night.theme
2024/06/27 (19:50:25) | DEBUG: Loading theme file: /usr/share/btop/themes/tomorrow-night.theme
